<?xml version="1.0" encoding="UTF-8"?>
<testsuite xmlns:xsi="http://www.w3.org/2001/XMLSchema-instance" xsi:noNamespaceSchemaLocation="https://maven.apache.org/surefire/maven-surefire-plugin/xsd/surefire-test-report.xsd" name="com.other.app.RedisControllerTest" time="3.361" tests="1" errors="0" skipped="0" failures="0">
  <properties>
    <property name="gopherProxySet" value="false"/>
    <property name="awt.toolkit" value="sun.lwawt.macosx.LWCToolkit"/>
    <property name="file.encoding.pkg" value="sun.io"/>
    <property name="java.specification.version" value="1.8"/>
    <property name="sun.cpu.isalist" value=""/>
    <property name="sun.jnu.encoding" value="UTF-8"/>
    <property name="java.class.path" value="/Users/huqianghui/Downloads/spring-boot-redisson-failover-parent/spring-boot-redisson-failover-sdk-usage-example/target/test-classes:/Users/huqianghui/Downloads/spring-boot-redisson-failover-parent/spring-boot-redisson-failover-sdk-usage-example/target/classes:/Users/huqianghui/.m2/repository/com/fasterxml/jackson/core/jackson-databind/2.11.2/jackson-databind-2.11.2.jar:/Users/huqianghui/.m2/repository/com/fasterxml/jackson/core/jackson-annotations/2.11.2/jackson-annotations-2.11.2.jar:/Users/huqianghui/.m2/repository/com/fasterxml/jackson/core/jackson-core/2.11.2/jackson-core-2.11.2.jar:/Users/huqianghui/.m2/repository/org/springframework/boot/spring-boot-starter-data-redis/2.3.3.RELEASE/spring-boot-starter-data-redis-2.3.3.RELEASE.jar:/Users/huqianghui/.m2/repository/org/springframework/boot/spring-boot-starter/2.3.3.RELEASE/spring-boot-starter-2.3.3.RELEASE.jar:/Users/huqianghui/.m2/repository/org/springframework/boot/spring-boot/2.3.3.RELEASE/spring-boot-2.3.3.RELEASE.jar:/Users/huqianghui/.m2/repository/org/springframework/spring-context/5.2.8.RELEASE/spring-context-5.2.8.RELEASE.jar:/Users/huqianghui/.m2/repository/org/springframework/boot/spring-boot-starter-logging/2.3.3.RELEASE/spring-boot-starter-logging-2.3.3.RELEASE.jar:/Users/huqianghui/.m2/repository/ch/qos/logback/logback-classic/1.2.3/logback-classic-1.2.3.jar:/Users/huqianghui/.m2/repository/ch/qos/logback/logback-core/1.2.3/logback-core-1.2.3.jar:/Users/huqianghui/.m2/repository/org/apache/logging/log4j/log4j-to-slf4j/2.13.3/log4j-to-slf4j-2.13.3.jar:/Users/huqianghui/.m2/repository/org/apache/logging/log4j/log4j-api/2.13.3/log4j-api-2.13.3.jar:/Users/huqianghui/.m2/repository/org/slf4j/jul-to-slf4j/1.7.30/jul-to-slf4j-1.7.30.jar:/Users/huqianghui/.m2/repository/jakarta/annotation/jakarta.annotation-api/1.3.5/jakarta.annotation-api-1.3.5.jar:/Users/huqianghui/.m2/repository/org/yaml/snakeyaml/1.26/snakeyaml-1.26.jar:/Users/huqianghui/.m2/repository/org/springframework/data/spring-data-redis/2.3.3.RELEASE/spring-data-redis-2.3.3.RELEASE.jar:/Users/huqianghui/.m2/repository/org/springframework/data/spring-data-keyvalue/2.3.3.RELEASE/spring-data-keyvalue-2.3.3.RELEASE.jar:/Users/huqianghui/.m2/repository/org/springframework/data/spring-data-commons/2.3.3.RELEASE/spring-data-commons-2.3.3.RELEASE.jar:/Users/huqianghui/.m2/repository/org/springframework/spring-tx/5.2.8.RELEASE/spring-tx-5.2.8.RELEASE.jar:/Users/huqianghui/.m2/repository/org/springframework/spring-beans/5.2.8.RELEASE/spring-beans-5.2.8.RELEASE.jar:/Users/huqianghui/.m2/repository/org/springframework/spring-oxm/5.2.8.RELEASE/spring-oxm-5.2.8.RELEASE.jar:/Users/huqianghui/.m2/repository/org/springframework/spring-aop/5.2.8.RELEASE/spring-aop-5.2.8.RELEASE.jar:/Users/huqianghui/.m2/repository/org/springframework/spring-context-support/5.2.8.RELEASE/spring-context-support-5.2.8.RELEASE.jar:/Users/huqianghui/.m2/repository/org/slf4j/slf4j-api/1.7.30/slf4j-api-1.7.30.jar:/Users/huqianghui/.m2/repository/org/redisson/redisson-spring-boot-starter/3.13.2/redisson-spring-boot-starter-3.13.2.jar:/Users/huqianghui/.m2/repository/org/springframework/boot/spring-boot-starter-web/2.3.3.RELEASE/spring-boot-starter-web-2.3.3.RELEASE.jar:/Users/huqianghui/.m2/repository/org/springframework/boot/spring-boot-starter-json/2.3.3.RELEASE/spring-boot-starter-json-2.3.3.RELEASE.jar:/Users/huqianghui/.m2/repository/com/fasterxml/jackson/datatype/jackson-datatype-jdk8/2.11.2/jackson-datatype-jdk8-2.11.2.jar:/Users/huqianghui/.m2/repository/com/fasterxml/jackson/module/jackson-module-parameter-names/2.11.2/jackson-module-parameter-names-2.11.2.jar:/Users/huqianghui/.m2/repository/org/springframework/boot/spring-boot-starter-tomcat/2.3.3.RELEASE/spring-boot-starter-tomcat-2.3.3.RELEASE.jar:/Users/huqianghui/.m2/repository/org/apache/tomcat/embed/tomcat-embed-core/9.0.37/tomcat-embed-core-9.0.37.jar:/Users/huqianghui/.m2/repository/org/glassfish/jakarta.el/3.0.3/jakarta.el-3.0.3.jar:/Users/huqianghui/.m2/repository/org/apache/tomcat/embed/tomcat-embed-websocket/9.0.37/tomcat-embed-websocket-9.0.37.jar:/Users/huqianghui/.m2/repository/org/springframework/spring-web/5.2.8.RELEASE/spring-web-5.2.8.RELEASE.jar:/Users/huqianghui/.m2/repository/org/springframework/spring-webmvc/5.2.8.RELEASE/spring-webmvc-5.2.8.RELEASE.jar:/Users/huqianghui/.m2/repository/org/springframework/spring-expression/5.2.8.RELEASE/spring-expression-5.2.8.RELEASE.jar:/Users/huqianghui/.m2/repository/org/redisson/redisson/3.13.2/redisson-3.13.2.jar:/Users/huqianghui/.m2/repository/io/netty/netty-common/4.1.51.Final/netty-common-4.1.51.Final.jar:/Users/huqianghui/.m2/repository/io/netty/netty-codec/4.1.51.Final/netty-codec-4.1.51.Final.jar:/Users/huqianghui/.m2/repository/io/netty/netty-buffer/4.1.51.Final/netty-buffer-4.1.51.Final.jar:/Users/huqianghui/.m2/repository/io/netty/netty-transport/4.1.51.Final/netty-transport-4.1.51.Final.jar:/Users/huqianghui/.m2/repository/io/netty/netty-resolver/4.1.51.Final/netty-resolver-4.1.51.Final.jar:/Users/huqianghui/.m2/repository/io/netty/netty-resolver-dns/4.1.51.Final/netty-resolver-dns-4.1.51.Final.jar:/Users/huqianghui/.m2/repository/io/netty/netty-codec-dns/4.1.51.Final/netty-codec-dns-4.1.51.Final.jar:/Users/huqianghui/.m2/repository/io/netty/netty-handler/4.1.51.Final/netty-handler-4.1.51.Final.jar:/Users/huqianghui/.m2/repository/javax/cache/cache-api/1.1.1/cache-api-1.1.1.jar:/Users/huqianghui/.m2/repository/io/projectreactor/reactor-core/3.3.9.RELEASE/reactor-core-3.3.9.RELEASE.jar:/Users/huqianghui/.m2/repository/org/reactivestreams/reactive-streams/1.0.3/reactive-streams-1.0.3.jar:/Users/huqianghui/.m2/repository/io/reactivex/rxjava2/rxjava/2.2.19/rxjava-2.2.19.jar:/Users/huqianghui/.m2/repository/org/jboss/marshalling/jboss-marshalling-river/2.0.9.Final/jboss-marshalling-river-2.0.9.Final.jar:/Users/huqianghui/.m2/repository/org/jboss/marshalling/jboss-marshalling/2.0.9.Final/jboss-marshalling-2.0.9.Final.jar:/Users/huqianghui/.m2/repository/com/fasterxml/jackson/dataformat/jackson-dataformat-yaml/2.11.2/jackson-dataformat-yaml-2.11.2.jar:/Users/huqianghui/.m2/repository/net/bytebuddy/byte-buddy/1.10.14/byte-buddy-1.10.14.jar:/Users/huqianghui/.m2/repository/org/jodd/jodd-bean/5.0.13/jodd-bean-5.0.13.jar:/Users/huqianghui/.m2/repository/org/jodd/jodd-core/5.0.13/jodd-core-5.0.13.jar:/Users/huqianghui/.m2/repository/org/redisson/redisson-spring-data-23/3.13.2/redisson-spring-data-23-3.13.2.jar:/Users/huqianghui/.m2/repository/org/springframework/boot/spring-boot-starter-actuator/2.3.3.RELEASE/spring-boot-starter-actuator-2.3.3.RELEASE.jar:/Users/huqianghui/.m2/repository/org/springframework/boot/spring-boot-actuator-autoconfigure/2.3.3.RELEASE/spring-boot-actuator-autoconfigure-2.3.3.RELEASE.jar:/Users/huqianghui/.m2/repository/org/springframework/boot/spring-boot-actuator/2.3.3.RELEASE/spring-boot-actuator-2.3.3.RELEASE.jar:/Users/huqianghui/.m2/repository/com/fasterxml/jackson/datatype/jackson-datatype-jsr310/2.11.2/jackson-datatype-jsr310-2.11.2.jar:/Users/huqianghui/.m2/repository/io/micrometer/micrometer-core/1.5.4/micrometer-core-1.5.4.jar:/Users/huqianghui/.m2/repository/org/hdrhistogram/HdrHistogram/2.1.12/HdrHistogram-2.1.12.jar:/Users/huqianghui/.m2/repository/org/latencyutils/LatencyUtils/2.0.3/LatencyUtils-2.0.3.jar:/Users/huqianghui/.m2/repository/com/microsoft/redission/spring-boot-redisson-failover-sdk/1.0.0.RELEASE/spring-boot-redisson-failover-sdk-1.0.0.RELEASE.jar:/Users/huqianghui/.m2/repository/org/springframework/boot/spring-boot-autoconfigure/2.3.3.RELEASE/spring-boot-autoconfigure-2.3.3.RELEASE.jar:/Users/huqianghui/.m2/repository/org/springframework/boot/spring-boot-starter-test/2.3.3.RELEASE/spring-boot-starter-test-2.3.3.RELEASE.jar:/Users/huqianghui/.m2/repository/org/springframework/boot/spring-boot-test/2.3.3.RELEASE/spring-boot-test-2.3.3.RELEASE.jar:/Users/huqianghui/.m2/repository/org/springframework/boot/spring-boot-test-autoconfigure/2.3.3.RELEASE/spring-boot-test-autoconfigure-2.3.3.RELEASE.jar:/Users/huqianghui/.m2/repository/com/jayway/jsonpath/json-path/2.4.0/json-path-2.4.0.jar:/Users/huqianghui/.m2/repository/net/minidev/json-smart/2.3/json-smart-2.3.jar:/Users/huqianghui/.m2/repository/net/minidev/accessors-smart/1.2/accessors-smart-1.2.jar:/Users/huqianghui/.m2/repository/org/ow2/asm/asm/5.0.4/asm-5.0.4.jar:/Users/huqianghui/.m2/repository/jakarta/xml/bind/jakarta.xml.bind-api/2.3.3/jakarta.xml.bind-api-2.3.3.jar:/Users/huqianghui/.m2/repository/jakarta/activation/jakarta.activation-api/1.2.2/jakarta.activation-api-1.2.2.jar:/Users/huqianghui/.m2/repository/org/assertj/assertj-core/3.16.1/assertj-core-3.16.1.jar:/Users/huqianghui/.m2/repository/org/hamcrest/hamcrest/2.2/hamcrest-2.2.jar:/Users/huqianghui/.m2/repository/org/junit/jupiter/junit-jupiter/5.6.2/junit-jupiter-5.6.2.jar:/Users/huqianghui/.m2/repository/org/junit/jupiter/junit-jupiter-api/5.6.2/junit-jupiter-api-5.6.2.jar:/Users/huqianghui/.m2/repository/org/apiguardian/apiguardian-api/1.1.0/apiguardian-api-1.1.0.jar:/Users/huqianghui/.m2/repository/org/opentest4j/opentest4j/1.2.0/opentest4j-1.2.0.jar:/Users/huqianghui/.m2/repository/org/junit/platform/junit-platform-commons/1.6.2/junit-platform-commons-1.6.2.jar:/Users/huqianghui/.m2/repository/org/junit/jupiter/junit-jupiter-params/5.6.2/junit-jupiter-params-5.6.2.jar:/Users/huqianghui/.m2/repository/org/junit/jupiter/junit-jupiter-engine/5.6.2/junit-jupiter-engine-5.6.2.jar:/Users/huqianghui/.m2/repository/org/junit/platform/junit-platform-engine/1.6.2/junit-platform-engine-1.6.2.jar:/Users/huqianghui/.m2/repository/org/mockito/mockito-core/3.3.3/mockito-core-3.3.3.jar:/Users/huqianghui/.m2/repository/net/bytebuddy/byte-buddy-agent/1.10.14/byte-buddy-agent-1.10.14.jar:/Users/huqianghui/.m2/repository/org/objenesis/objenesis/2.6/objenesis-2.6.jar:/Users/huqianghui/.m2/repository/org/mockito/mockito-junit-jupiter/3.3.3/mockito-junit-jupiter-3.3.3.jar:/Users/huqianghui/.m2/repository/org/skyscreamer/jsonassert/1.5.0/jsonassert-1.5.0.jar:/Users/huqianghui/.m2/repository/com/vaadin/external/google/android-json/0.0.20131108.vaadin1/android-json-0.0.20131108.vaadin1.jar:/Users/huqianghui/.m2/repository/org/springframework/spring-core/5.2.8.RELEASE/spring-core-5.2.8.RELEASE.jar:/Users/huqianghui/.m2/repository/org/springframework/spring-jcl/5.2.8.RELEASE/spring-jcl-5.2.8.RELEASE.jar:/Users/huqianghui/.m2/repository/org/springframework/spring-test/5.2.8.RELEASE/spring-test-5.2.8.RELEASE.jar:/Users/huqianghui/.m2/repository/org/xmlunit/xmlunit-core/2.7.0/xmlunit-core-2.7.0.jar:"/>
    <property name="java.vm.vendor" value="Oracle Corporation"/>
    <property name="sun.arch.data.model" value="64"/>
    <property name="java.vendor.url" value="http://java.oracle.com/"/>
    <property name="user.timezone" value=""/>
    <property name="java.vm.specification.version" value="1.8"/>
    <property name="os.name" value="Mac OS X"/>
    <property name="user.country" value="CN"/>
    <property name="sun.java.launcher" value="SUN_STANDARD"/>
    <property name="sun.boot.library.path" value="/Library/Java/JavaVirtualMachines/jdk1.8.0_162.jdk/Contents/Home/jre/lib"/>
    <property name="sun.java.command" value="/Users/huqianghui/Downloads/spring-boot-redisson-failover-parent/spring-boot-redisson-failover-sdk-usage-example/target/surefire/surefirebooter4542349478385217655.jar /Users/huqianghui/Downloads/spring-boot-redisson-failover-parent/spring-boot-redisson-failover-sdk-usage-example/target/surefire 2021-06-22T18-45-13_909-jvmRun1 surefire2923278780923303015tmp surefire_0767430698337657967tmp"/>
    <property name="surefire.test.class.path" value="/Users/huqianghui/Downloads/spring-boot-redisson-failover-parent/spring-boot-redisson-failover-sdk-usage-example/target/test-classes:/Users/huqianghui/Downloads/spring-boot-redisson-failover-parent/spring-boot-redisson-failover-sdk-usage-example/target/classes:/Users/huqianghui/.m2/repository/com/fasterxml/jackson/core/jackson-databind/2.11.2/jackson-databind-2.11.2.jar:/Users/huqianghui/.m2/repository/com/fasterxml/jackson/core/jackson-annotations/2.11.2/jackson-annotations-2.11.2.jar:/Users/huqianghui/.m2/repository/com/fasterxml/jackson/core/jackson-core/2.11.2/jackson-core-2.11.2.jar:/Users/huqianghui/.m2/repository/org/springframework/boot/spring-boot-starter-data-redis/2.3.3.RELEASE/spring-boot-starter-data-redis-2.3.3.RELEASE.jar:/Users/huqianghui/.m2/repository/org/springframework/boot/spring-boot-starter/2.3.3.RELEASE/spring-boot-starter-2.3.3.RELEASE.jar:/Users/huqianghui/.m2/repository/org/springframework/boot/spring-boot/2.3.3.RELEASE/spring-boot-2.3.3.RELEASE.jar:/Users/huqianghui/.m2/repository/org/springframework/spring-context/5.2.8.RELEASE/spring-context-5.2.8.RELEASE.jar:/Users/huqianghui/.m2/repository/org/springframework/boot/spring-boot-starter-logging/2.3.3.RELEASE/spring-boot-starter-logging-2.3.3.RELEASE.jar:/Users/huqianghui/.m2/repository/ch/qos/logback/logback-classic/1.2.3/logback-classic-1.2.3.jar:/Users/huqianghui/.m2/repository/ch/qos/logback/logback-core/1.2.3/logback-core-1.2.3.jar:/Users/huqianghui/.m2/repository/org/apache/logging/log4j/log4j-to-slf4j/2.13.3/log4j-to-slf4j-2.13.3.jar:/Users/huqianghui/.m2/repository/org/apache/logging/log4j/log4j-api/2.13.3/log4j-api-2.13.3.jar:/Users/huqianghui/.m2/repository/org/slf4j/jul-to-slf4j/1.7.30/jul-to-slf4j-1.7.30.jar:/Users/huqianghui/.m2/repository/jakarta/annotation/jakarta.annotation-api/1.3.5/jakarta.annotation-api-1.3.5.jar:/Users/huqianghui/.m2/repository/org/yaml/snakeyaml/1.26/snakeyaml-1.26.jar:/Users/huqianghui/.m2/repository/org/springframework/data/spring-data-redis/2.3.3.RELEASE/spring-data-redis-2.3.3.RELEASE.jar:/Users/huqianghui/.m2/repository/org/springframework/data/spring-data-keyvalue/2.3.3.RELEASE/spring-data-keyvalue-2.3.3.RELEASE.jar:/Users/huqianghui/.m2/repository/org/springframework/data/spring-data-commons/2.3.3.RELEASE/spring-data-commons-2.3.3.RELEASE.jar:/Users/huqianghui/.m2/repository/org/springframework/spring-tx/5.2.8.RELEASE/spring-tx-5.2.8.RELEASE.jar:/Users/huqianghui/.m2/repository/org/springframework/spring-beans/5.2.8.RELEASE/spring-beans-5.2.8.RELEASE.jar:/Users/huqianghui/.m2/repository/org/springframework/spring-oxm/5.2.8.RELEASE/spring-oxm-5.2.8.RELEASE.jar:/Users/huqianghui/.m2/repository/org/springframework/spring-aop/5.2.8.RELEASE/spring-aop-5.2.8.RELEASE.jar:/Users/huqianghui/.m2/repository/org/springframework/spring-context-support/5.2.8.RELEASE/spring-context-support-5.2.8.RELEASE.jar:/Users/huqianghui/.m2/repository/org/slf4j/slf4j-api/1.7.30/slf4j-api-1.7.30.jar:/Users/huqianghui/.m2/repository/org/redisson/redisson-spring-boot-starter/3.13.2/redisson-spring-boot-starter-3.13.2.jar:/Users/huqianghui/.m2/repository/org/springframework/boot/spring-boot-starter-web/2.3.3.RELEASE/spring-boot-starter-web-2.3.3.RELEASE.jar:/Users/huqianghui/.m2/repository/org/springframework/boot/spring-boot-starter-json/2.3.3.RELEASE/spring-boot-starter-json-2.3.3.RELEASE.jar:/Users/huqianghui/.m2/repository/com/fasterxml/jackson/datatype/jackson-datatype-jdk8/2.11.2/jackson-datatype-jdk8-2.11.2.jar:/Users/huqianghui/.m2/repository/com/fasterxml/jackson/module/jackson-module-parameter-names/2.11.2/jackson-module-parameter-names-2.11.2.jar:/Users/huqianghui/.m2/repository/org/springframework/boot/spring-boot-starter-tomcat/2.3.3.RELEASE/spring-boot-starter-tomcat-2.3.3.RELEASE.jar:/Users/huqianghui/.m2/repository/org/apache/tomcat/embed/tomcat-embed-core/9.0.37/tomcat-embed-core-9.0.37.jar:/Users/huqianghui/.m2/repository/org/glassfish/jakarta.el/3.0.3/jakarta.el-3.0.3.jar:/Users/huqianghui/.m2/repository/org/apache/tomcat/embed/tomcat-embed-websocket/9.0.37/tomcat-embed-websocket-9.0.37.jar:/Users/huqianghui/.m2/repository/org/springframework/spring-web/5.2.8.RELEASE/spring-web-5.2.8.RELEASE.jar:/Users/huqianghui/.m2/repository/org/springframework/spring-webmvc/5.2.8.RELEASE/spring-webmvc-5.2.8.RELEASE.jar:/Users/huqianghui/.m2/repository/org/springframework/spring-expression/5.2.8.RELEASE/spring-expression-5.2.8.RELEASE.jar:/Users/huqianghui/.m2/repository/org/redisson/redisson/3.13.2/redisson-3.13.2.jar:/Users/huqianghui/.m2/repository/io/netty/netty-common/4.1.51.Final/netty-common-4.1.51.Final.jar:/Users/huqianghui/.m2/repository/io/netty/netty-codec/4.1.51.Final/netty-codec-4.1.51.Final.jar:/Users/huqianghui/.m2/repository/io/netty/netty-buffer/4.1.51.Final/netty-buffer-4.1.51.Final.jar:/Users/huqianghui/.m2/repository/io/netty/netty-transport/4.1.51.Final/netty-transport-4.1.51.Final.jar:/Users/huqianghui/.m2/repository/io/netty/netty-resolver/4.1.51.Final/netty-resolver-4.1.51.Final.jar:/Users/huqianghui/.m2/repository/io/netty/netty-resolver-dns/4.1.51.Final/netty-resolver-dns-4.1.51.Final.jar:/Users/huqianghui/.m2/repository/io/netty/netty-codec-dns/4.1.51.Final/netty-codec-dns-4.1.51.Final.jar:/Users/huqianghui/.m2/repository/io/netty/netty-handler/4.1.51.Final/netty-handler-4.1.51.Final.jar:/Users/huqianghui/.m2/repository/javax/cache/cache-api/1.1.1/cache-api-1.1.1.jar:/Users/huqianghui/.m2/repository/io/projectreactor/reactor-core/3.3.9.RELEASE/reactor-core-3.3.9.RELEASE.jar:/Users/huqianghui/.m2/repository/org/reactivestreams/reactive-streams/1.0.3/reactive-streams-1.0.3.jar:/Users/huqianghui/.m2/repository/io/reactivex/rxjava2/rxjava/2.2.19/rxjava-2.2.19.jar:/Users/huqianghui/.m2/repository/org/jboss/marshalling/jboss-marshalling-river/2.0.9.Final/jboss-marshalling-river-2.0.9.Final.jar:/Users/huqianghui/.m2/repository/org/jboss/marshalling/jboss-marshalling/2.0.9.Final/jboss-marshalling-2.0.9.Final.jar:/Users/huqianghui/.m2/repository/com/fasterxml/jackson/dataformat/jackson-dataformat-yaml/2.11.2/jackson-dataformat-yaml-2.11.2.jar:/Users/huqianghui/.m2/repository/net/bytebuddy/byte-buddy/1.10.14/byte-buddy-1.10.14.jar:/Users/huqianghui/.m2/repository/org/jodd/jodd-bean/5.0.13/jodd-bean-5.0.13.jar:/Users/huqianghui/.m2/repository/org/jodd/jodd-core/5.0.13/jodd-core-5.0.13.jar:/Users/huqianghui/.m2/repository/org/redisson/redisson-spring-data-23/3.13.2/redisson-spring-data-23-3.13.2.jar:/Users/huqianghui/.m2/repository/org/springframework/boot/spring-boot-starter-actuator/2.3.3.RELEASE/spring-boot-starter-actuator-2.3.3.RELEASE.jar:/Users/huqianghui/.m2/repository/org/springframework/boot/spring-boot-actuator-autoconfigure/2.3.3.RELEASE/spring-boot-actuator-autoconfigure-2.3.3.RELEASE.jar:/Users/huqianghui/.m2/repository/org/springframework/boot/spring-boot-actuator/2.3.3.RELEASE/spring-boot-actuator-2.3.3.RELEASE.jar:/Users/huqianghui/.m2/repository/com/fasterxml/jackson/datatype/jackson-datatype-jsr310/2.11.2/jackson-datatype-jsr310-2.11.2.jar:/Users/huqianghui/.m2/repository/io/micrometer/micrometer-core/1.5.4/micrometer-core-1.5.4.jar:/Users/huqianghui/.m2/repository/org/hdrhistogram/HdrHistogram/2.1.12/HdrHistogram-2.1.12.jar:/Users/huqianghui/.m2/repository/org/latencyutils/LatencyUtils/2.0.3/LatencyUtils-2.0.3.jar:/Users/huqianghui/.m2/repository/com/microsoft/redission/spring-boot-redisson-failover-sdk/1.0.0.RELEASE/spring-boot-redisson-failover-sdk-1.0.0.RELEASE.jar:/Users/huqianghui/.m2/repository/org/springframework/boot/spring-boot-autoconfigure/2.3.3.RELEASE/spring-boot-autoconfigure-2.3.3.RELEASE.jar:/Users/huqianghui/.m2/repository/org/springframework/boot/spring-boot-starter-test/2.3.3.RELEASE/spring-boot-starter-test-2.3.3.RELEASE.jar:/Users/huqianghui/.m2/repository/org/springframework/boot/spring-boot-test/2.3.3.RELEASE/spring-boot-test-2.3.3.RELEASE.jar:/Users/huqianghui/.m2/repository/org/springframework/boot/spring-boot-test-autoconfigure/2.3.3.RELEASE/spring-boot-test-autoconfigure-2.3.3.RELEASE.jar:/Users/huqianghui/.m2/repository/com/jayway/jsonpath/json-path/2.4.0/json-path-2.4.0.jar:/Users/huqianghui/.m2/repository/net/minidev/json-smart/2.3/json-smart-2.3.jar:/Users/huqianghui/.m2/repository/net/minidev/accessors-smart/1.2/accessors-smart-1.2.jar:/Users/huqianghui/.m2/repository/org/ow2/asm/asm/5.0.4/asm-5.0.4.jar:/Users/huqianghui/.m2/repository/jakarta/xml/bind/jakarta.xml.bind-api/2.3.3/jakarta.xml.bind-api-2.3.3.jar:/Users/huqianghui/.m2/repository/jakarta/activation/jakarta.activation-api/1.2.2/jakarta.activation-api-1.2.2.jar:/Users/huqianghui/.m2/repository/org/assertj/assertj-core/3.16.1/assertj-core-3.16.1.jar:/Users/huqianghui/.m2/repository/org/hamcrest/hamcrest/2.2/hamcrest-2.2.jar:/Users/huqianghui/.m2/repository/org/junit/jupiter/junit-jupiter/5.6.2/junit-jupiter-5.6.2.jar:/Users/huqianghui/.m2/repository/org/junit/jupiter/junit-jupiter-api/5.6.2/junit-jupiter-api-5.6.2.jar:/Users/huqianghui/.m2/repository/org/apiguardian/apiguardian-api/1.1.0/apiguardian-api-1.1.0.jar:/Users/huqianghui/.m2/repository/org/opentest4j/opentest4j/1.2.0/opentest4j-1.2.0.jar:/Users/huqianghui/.m2/repository/org/junit/platform/junit-platform-commons/1.6.2/junit-platform-commons-1.6.2.jar:/Users/huqianghui/.m2/repository/org/junit/jupiter/junit-jupiter-params/5.6.2/junit-jupiter-params-5.6.2.jar:/Users/huqianghui/.m2/repository/org/junit/jupiter/junit-jupiter-engine/5.6.2/junit-jupiter-engine-5.6.2.jar:/Users/huqianghui/.m2/repository/org/junit/platform/junit-platform-engine/1.6.2/junit-platform-engine-1.6.2.jar:/Users/huqianghui/.m2/repository/org/mockito/mockito-core/3.3.3/mockito-core-3.3.3.jar:/Users/huqianghui/.m2/repository/net/bytebuddy/byte-buddy-agent/1.10.14/byte-buddy-agent-1.10.14.jar:/Users/huqianghui/.m2/repository/org/objenesis/objenesis/2.6/objenesis-2.6.jar:/Users/huqianghui/.m2/repository/org/mockito/mockito-junit-jupiter/3.3.3/mockito-junit-jupiter-3.3.3.jar:/Users/huqianghui/.m2/repository/org/skyscreamer/jsonassert/1.5.0/jsonassert-1.5.0.jar:/Users/huqianghui/.m2/repository/com/vaadin/external/google/android-json/0.0.20131108.vaadin1/android-json-0.0.20131108.vaadin1.jar:/Users/huqianghui/.m2/repository/org/springframework/spring-core/5.2.8.RELEASE/spring-core-5.2.8.RELEASE.jar:/Users/huqianghui/.m2/repository/org/springframework/spring-jcl/5.2.8.RELEASE/spring-jcl-5.2.8.RELEASE.jar:/Users/huqianghui/.m2/repository/org/springframework/spring-test/5.2.8.RELEASE/spring-test-5.2.8.RELEASE.jar:/Users/huqianghui/.m2/repository/org/xmlunit/xmlunit-core/2.7.0/xmlunit-core-2.7.0.jar:"/>
    <property name="sun.cpu.endian" value="little"/>
    <property name="user.home" value="/Users/huqianghui"/>
    <property name="user.language" value="zh"/>
    <property name="java.specification.vendor" value="Oracle Corporation"/>
    <property name="java.home" value="/Library/Java/JavaVirtualMachines/jdk1.8.0_162.jdk/Contents/Home/jre"/>
    <property name="basedir" value="/Users/huqianghui/Downloads/spring-boot-redisson-failover-parent/spring-boot-redisson-failover-sdk-usage-example"/>
    <property name="file.separator" value="/"/>
    <property name="line.separator" value="&#10;"/>
    <property name="java.vm.specification.vendor" value="Oracle Corporation"/>
    <property name="java.specification.name" value="Java Platform API Specification"/>
    <property name="java.awt.graphicsenv" value="sun.awt.CGraphicsEnvironment"/>
    <property name="surefire.real.class.path" value="/Users/huqianghui/Downloads/spring-boot-redisson-failover-parent/spring-boot-redisson-failover-sdk-usage-example/target/surefire/surefirebooter4542349478385217655.jar:/Users/huqianghui/.m2/repository/org/jacoco/org.jacoco.agent/0.8.5/org.jacoco.agent-0.8.5-runtime.jar"/>
    <property name="sun.boot.class.path" value="/Library/Java/JavaVirtualMachines/jdk1.8.0_162.jdk/Contents/Home/jre/lib/resources.jar:/Library/Java/JavaVirtualMachines/jdk1.8.0_162.jdk/Contents/Home/jre/lib/rt.jar:/Library/Java/JavaVirtualMachines/jdk1.8.0_162.jdk/Contents/Home/jre/lib/sunrsasign.jar:/Library/Java/JavaVirtualMachines/jdk1.8.0_162.jdk/Contents/Home/jre/lib/jsse.jar:/Library/Java/JavaVirtualMachines/jdk1.8.0_162.jdk/Contents/Home/jre/lib/jce.jar:/Library/Java/JavaVirtualMachines/jdk1.8.0_162.jdk/Contents/Home/jre/lib/charsets.jar:/Library/Java/JavaVirtualMachines/jdk1.8.0_162.jdk/Contents/Home/jre/lib/jfr.jar:/Library/Java/JavaVirtualMachines/jdk1.8.0_162.jdk/Contents/Home/jre/classes"/>
    <property name="sun.management.compiler" value="HotSpot 64-Bit Tiered Compilers"/>
    <property name="java.runtime.version" value="1.8.0_162-b12"/>
    <property name="user.name" value="huqianghui"/>
    <property name="path.separator" value=":"/>
    <property name="os.version" value="10.15.7"/>
    <property name="java.endorsed.dirs" value="/Library/Java/JavaVirtualMachines/jdk1.8.0_162.jdk/Contents/Home/jre/lib/endorsed"/>
    <property name="java.runtime.name" value="Java(TM) SE Runtime Environment"/>
    <property name="file.encoding" value="UTF-8"/>
    <property name="java.vm.name" value="Java HotSpot(TM) 64-Bit Server VM"/>
    <property name="localRepository" value="/Users/huqianghui/.m2/repository"/>
    <property name="java.vendor.url.bug" value="http://bugreport.sun.com/bugreport/"/>
    <property name="java.io.tmpdir" value="/var/folders/g3/6y25kfln6cd18_tq5k3ysly80000gn/T/"/>
    <property name="idea.version" value="2020.3.2"/>
    <property name="java.version" value="1.8.0_162"/>
    <property name="user.dir" value="/Users/huqianghui/Downloads/spring-boot-redisson-failover-parent/spring-boot-redisson-failover-sdk-usage-example"/>
    <property name="os.arch" value="x86_64"/>
    <property name="java.vm.specification.name" value="Java Virtual Machine Specification"/>
    <property name="java.awt.printerjob" value="sun.lwawt.macosx.CPrinterJob"/>
    <property name="sun.os.patch.level" value="unknown"/>
    <property name="java.library.path" value="/Users/huqianghui/Library/Java/Extensions:/Library/Java/Extensions:/Network/Library/Java/Extensions:/System/Library/Java/Extensions:/usr/lib/java:."/>
    <property name="java.vm.info" value="mixed mode"/>
    <property name="java.vendor" value="Oracle Corporation"/>
    <property name="java.vm.version" value="25.162-b12"/>
    <property name="java.ext.dirs" value="/Users/huqianghui/Library/Java/Extensions:/Library/Java/JavaVirtualMachines/jdk1.8.0_162.jdk/Contents/Home/jre/lib/ext:/Library/Java/Extensions:/Network/Library/Java/Extensions:/System/Library/Java/Extensions:/usr/lib/java"/>
    <property name="sun.io.unicode.encoding" value="UnicodeBig"/>
    <property name="java.class.version" value="52.0"/>
  </properties>
  <testcase name="redisTest1" classname="com.other.app.RedisControllerTest" time="0.713"/>
</testsuite>